<?xml version="1.0" encoding="UTF-8"?>
<!-- Generated by org.testng.reporters.JUnitXMLReporter -->
<testsuite ignored="0" hostname="DESKTOP-TG48D8J" failures="2" tests="7" name="Test02" time="0.138" errors="0" timestamp="2022-09-12T23:28:40 EDT">
  <testcase classname="TestNGSuite01.TestNgAnotationsExm" name="login" time="0.0">
    <failure type="org.testng.TestNGException" message="
Method public void TestNGSuite01.TestNgAnotationsExm.login(java.lang.String,java.lang.String,java.lang.String) requires a @DataProvider named : dataForLogin">
      <![CDATA[org.testng.TestNGException: 
Method public void TestNGSuite01.TestNgAnotationsExm.login(java.lang.String,java.lang.String,java.lang.String) requires a @DataProvider named : dataForLogin
at java.base/java.util.ArrayList.forEach(ArrayList.java:1511)
... Removed 24 stack frames]]>
    </failure>
  </testcase> <!-- login -->
  <testcase classname="TestNGSuite01.TestNgAnotationsExm" name="parultest01" time="0.0">
    <failure type="org.testng.TestNGException" message="
Parameter &amp;apos;browser&amp;apos; is required by @Test on method parultest01 but has not been marked @Optional or defined
in C:\Deepak\Parul_Learning\SDET81\Assignment\Maven_1\testng2.xml">
      <![CDATA[org.testng.TestNGException: 
Parameter 'browser' is required by @Test on method parultest01 but has not been marked @Optional or defined
in C:\Deepak\Parul_Learning\SDET81\Assignment\Maven_1\testng2.xml
at java.base/java.util.ArrayList.forEach(ArrayList.java:1511)
... Removed 26 stack frames]]>
    </failure>
  </testcase> <!-- parultest01 -->
  <testcase classname="TestNGSuite01.TestNgAnotationsExm" name="test05" time="0.003"/>
  <testcase classname="TestNGSuite01.TestNgAnotationsExm" name="testCase01" time="0.002"/>
  <testcase classname="TestNGSuite01.TestNgAnotationsExm" name="testCase02" time="0.004"/>
  <testcase classname="TestNGSuite01.TestNgAnotationsExm" name="testCase03" time="0.004"/>
  <testcase classname="TestNGSuite01.TestNgAnotationsExm" name="testCase04" time="0.003"/>
</testsuite> <!-- Test02 -->
