<?xml version="1.0" encoding="UTF-8"?>
<testng-results ignored="0" total="1" passed="1" failed="0" skipped="0">
  <reporter-output>
  </reporter-output>
  <suite started-at="2023-01-17T22:08:47 EST" name="Default suite" finished-at="2023-01-17T22:08:49 EST" duration-ms="1508">
    <groups>
      <group name="cucumber">
        <method signature="AbstractTestNGCucumberTests.runScenario(io.cucumber.testng.PickleWrapper,io.cucumber.testng.FeatureWrapper)[pri:0, instance:cucumber_learning.Runner_TestNG@60f00693]" name="runScenario" class="io.cucumber.testng.AbstractTestNGCucumberTests"/>
      </group> <!-- cucumber -->
    </groups>
    <test started-at="2023-01-17T22:08:47 EST" name="Default test" finished-at="2023-01-17T22:08:49 EST" duration-ms="1508">
      <class name="cucumber_learning.Runner_TestNG">
        <test-method is-config="true" signature="setUpClass(org.testng.ITestContext)[pri:0, instance:cucumber_learning.Runner_TestNG@60f00693]" started-at="2023-01-17T22:08:47 EST" name="setUpClass" finished-at="2023-01-17T22:08:48 EST" duration-ms="922" status="PASS">
          <params>
            <param index="0">
              <value>
                <![CDATA[org.testng.TestRunner@b9dfc5a]]>
              </value>
            </param>
          </params>
          <reporter-output>
          </reporter-output>
        </test-method> <!-- setUpClass -->
        <test-method signature="runScenario(io.cucumber.testng.PickleWrapper,io.cucumber.testng.FeatureWrapper)[pri:0, instance:cucumber_learning.Runner_TestNG@60f00693]" started-at="2023-01-17T22:08:48 EST" name="runScenario" description="Runs Cucumber Scenarios" data-provider="scenarios" finished-at="2023-01-17T22:08:49 EST" duration-ms="321" status="PASS">
          <params>
            <param index="0">
              <value>
                <![CDATA["Looking for YMCA Gym at my place"]]>
              </value>
            </param>
            <param index="1">
              <value>
                <![CDATA["I want to use YMCA Gym Daily"]]>
              </value>
            </param>
          </params>
          <reporter-output>
          </reporter-output>
        </test-method> <!-- runScenario -->
        <test-method is-config="true" signature="tearDownClass()[pri:0, instance:cucumber_learning.Runner_TestNG@60f00693]" started-at="2023-01-17T22:08:49 EST" name="tearDownClass" finished-at="2023-01-17T22:08:49 EST" duration-ms="72" status="PASS">
          <reporter-output>
          </reporter-output>
        </test-method> <!-- tearDownClass -->
      </class> <!-- cucumber_learning.Runner_TestNG -->
    </test> <!-- Default test -->
  </suite> <!-- Default suite -->
</testng-results>
