<?xml version="1.0" encoding="UTF-8"?>
<!-- Generated by org.testng.reporters.JUnitXMLReporter -->
<testsuite ignored="0" hostname="DESKTOP-TG48D8J" failures="0" tests="3" name="Test 01" time="0.121" errors="0" timestamp="2022-09-08T18:00:48 EDT">
  <testcase classname="TestNGSuite01.Module01TestNG" name="test01" time="0.024"/>
  <testcase classname="TestNGSuite01.Module01TestNG" name="test02" time="0.003"/>
  <testcase classname="TestNGSuite01.Module01TestNG" name="test03" time="0.005"/>
</testsuite> <!-- Test 01 -->
