<?xml version="1.0" encoding="UTF-8"?>
<!-- Generated by org.testng.reporters.JUnitXMLReporter -->
<testsuite ignored="0" hostname="DESKTOP-TG48D8J" failures="0" tests="3" name="Test" time="0.09" errors="0" timestamp="2022-09-11T09:59:58 EDT">
  <testcase classname="TestNGSuite01.Module01TestNG" name="test01" time="0.016"/>
  <testcase classname="TestNGSuite01.Module01TestNG" name="test02" time="0.002"/>
  <testcase classname="TestNGSuite01.Module01TestNG" name="test03" time="0.004"/>
</testsuite> <!-- Test -->
