<?xml version="1.0" encoding="UTF-8"?>
<testng-results ignored="0" total="1" passed="1" failed="0" skipped="0">
  <reporter-output>
  </reporter-output>
  <suite started-at="2022-12-19T10:30:43 EST" name="Suite" finished-at="2022-12-19T10:30:44 EST" duration-ms="362">
    <groups>
    </groups>
    <test started-at="2022-12-19T10:30:43 EST" name="test" finished-at="2022-12-19T10:30:44 EST" duration-ms="362">
      <class name="TestNGSuite01.ParameterExmpTestng">
        <test-method signature="test01(java.lang.String,java.lang.String,java.lang.String)[pri:0, instance:TestNGSuite01.ParameterExmpTestng@35dab4eb]" started-at="2022-12-19T10:30:43 EST" name="test01" finished-at="2022-12-19T10:30:44 EST" duration-ms="105" status="PASS">
          <params>
            <param index="0">
              <value>
                <![CDATA[chrome]]>
              </value>
            </param>
            <param index="1">
              <value>
                <![CDATA[Selenium]]>
              </value>
            </param>
            <param index="2">
              <value>
                <![CDATA[pass@123]]>
              </value>
            </param>
          </params>
          <reporter-output>
          </reporter-output>
        </test-method> <!-- test01 -->
      </class> <!-- TestNGSuite01.ParameterExmpTestng -->
    </test> <!-- test -->
  </suite> <!-- Suite -->
</testng-results>
