<?xml version="1.0" encoding="UTF-8"?>
<!-- Generated by org.testng.reporters.JUnitXMLReporter -->
<testsuite ignored="0" hostname="DESKTOP-TG48D8J" failures="0" tests="2" name="DS_AlgoTestNG" time="0.335" errors="0" timestamp="2022-10-31T18:22:32 EDT">
  <testcase classname="TestCase_ds_algo.BaseClass" name="@BeforeClass setup" time="0.02">
    <failure type="java.lang.NullPointerException" message="Cannot invoke &amp;quot;org.openqa.selenium.WebDriver.manage()&amp;quot; because &amp;quot;TestCase_ds_algo.BaseClass.driver&amp;quot; is null">
      <![CDATA[java.lang.NullPointerException: Cannot invoke "org.openqa.selenium.WebDriver.manage()" because "TestCase_ds_algo.BaseClass.driver" is null
at TestCase_ds_algo.BaseClass.setup(BaseClass.java:53)
at java.base/java.util.ArrayList.forEach(ArrayList.java:1511)
... Removed 23 stack frames]]>
    </failure>
  </testcase> <!-- @BeforeClass setup -->
  <testcase classname="TestCase_ds_algo.BaseClass" name="@AfterClass tearDown" time="-1.667254952715E9">
    <skipped/>
  </testcase> <!-- @AfterClass tearDown -->
  <testcase classname="TestCase_ds_algo.BaseClass" name="@BeforeClass setup" time="0.001">
    <failure type="java.lang.NullPointerException" message="Cannot invoke &amp;quot;org.openqa.selenium.WebDriver.manage()&amp;quot; because &amp;quot;TestCase_ds_algo.BaseClass.driver&amp;quot; is null">
      <![CDATA[java.lang.NullPointerException: Cannot invoke "org.openqa.selenium.WebDriver.manage()" because "TestCase_ds_algo.BaseClass.driver" is null
at TestCase_ds_algo.BaseClass.setup(BaseClass.java:53)
at java.base/java.util.ArrayList.forEach(ArrayList.java:1511)
... Removed 23 stack frames]]>
    </failure>
  </testcase> <!-- @BeforeClass setup -->
  <testcase classname="TestCase_ds_algo.BaseClass" name="@AfterClass tearDown" time="-1.667254952748E9">
    <skipped/>
  </testcase> <!-- @AfterClass tearDown -->
  <testcase classname="TestCase_ds_algo.HomePageTest" name="homepage" time="0.0">
    <skipped/>
  </testcase> <!-- homepage -->
  <testcase classname="TestCase_ds_algo.RegistrationTest" name="registrorpageDDT" time="0.0">
    <skipped/>
  </testcase> <!-- registrorpageDDT -->
</testsuite> <!-- DS_AlgoTestNG -->
